[2013-09-24T21:26:48.473+0200] [] [INFO] [NCLS-GFLAUNCHER-00005] [javax.enterprise.launcher] [tid: _ThreadID=1 _ThreadName=main] [timeMillis: 1380050808473] [levelValue: 800] [[
  JVM invocation command line:
/usr/lib/jvm/java-7-openjdk-amd64/bin/java
-cp
/home/andesil/Dropbox/Progsik/src/glassfish/modules/glassfish.jar
-XX:+UnlockDiagnosticVMOptions
-XX:MaxPermSize=192m
-XX:NewRatio=2
-Xmx512m
-client
-javaagent:/home/andesil/Dropbox/Progsik/src/glassfish/lib/monitor/flashlight-agent.jar
-Dosgi.shell.telnet.maxconn=1
-Dfelix.fileinstall.disableConfigSave=false
-Djdbc.drivers=org.apache.derby.jdbc.ClientDriver
-Dfelix.fileinstall.dir=/home/andesil/Dropbox/Progsik/src/glassfish/modules/autostart/
-Djavax.net.ssl.keyStore=/home/andesil/Dropbox/Progsik/src/glassfish/domains/domain1/config/keystore.jks
-Dosgi.shell.telnet.port=6666
-Djava.security.policy=/home/andesil/Dropbox/Progsik/src/glassfish/domains/domain1/config/server.policy
-Djava.awt.headless=true
-Dfelix.fileinstall.log.level=2
-Dfelix.fileinstall.poll=5000
-Dcom.sun.aas.instanceRoot=/home/andesil/Dropbox/Progsik/src/glassfish/domains/domain1
-Dosgi.shell.telnet.ip=127.0.0.1
-Dcom.sun.enterprise.config.config_environment_factory_class=com.sun.enterprise.config.serverbeans.AppserverConfigEnvironmentFactory
-Djava.endorsed.dirs=/home/andesil/Dropbox/Progsik/src/glassfish/modules/endorsed:/home/andesil/Dropbox/Progsik/src/glassfish/lib/endorsed
-Dcom.sun.aas.installRoot=/home/andesil/Dropbox/Progsik/src/glassfish
-Dfelix.fileinstall.bundles.startTransient=true
-Djava.ext.dirs=/usr/lib/jvm/java-7-openjdk-amd64/lib/ext:/usr/lib/jvm/java-7-openjdk-amd64/jre/lib/ext:/home/andesil/Dropbox/Progsik/src/glassfish/domains/domain1/lib/ext
-Dfelix.fileinstall.bundles.new.start=true
-Djavax.net.ssl.trustStore=/home/andesil/Dropbox/Progsik/src/glassfish/domains/domain1/config/cacerts.jks
-Dorg.glassfish.additionalOSGiBundlesToStart=org.apache.felix.shell,org.apache.felix.gogo.runtime,org.apache.felix.gogo.shell,org.apache.felix.gogo.command,org.apache.felix.shell.remote,org.apache.felix.fileinstall
-Dcom.sun.enterprise.security.httpsOutboundKeyAlias=s1as
-Djava.security.auth.login.config=/home/andesil/Dropbox/Progsik/src/glassfish/domains/domain1/config/login.conf
-DANTLR_USE_DIRECT_CLASS_LOADING=true
-Dgosh.args=--nointeractive
-Djava.library.path=/home/andesil/Dropbox/Progsik/src/glassfish/lib:/usr/java/packages/lib/amd64:/usr/lib/jni:/lib:/usr/lib
com.sun.enterprise.glassfish.bootstrap.ASMain
-domainname
domain1
-asadmin-args
--host,,,localhost,,,--port,,,4848,,,--secure=false,,,--terse=false,,,--echo=false,,,--interactive=true,,,start-domain,,,--verbose=false,,,--watchdog=false,,,--debug=false,,,--domaindir,,,/home/andesil/Dropbox/Progsik/src/glassfish/domains,,,domain1
-instancename
server
-verbose
false
-debug
false
-asadmin-classpath
/home/andesil/Dropbox/Progsik/src/glassfish/lib/client/appserver-cli.jar
-asadmin-classname
com.sun.enterprise.admin.cli.AdminMain
-upgrade
false
-type
DAS
-domaindir
/home/andesil/Dropbox/Progsik/src/glassfish/domains/domain1
-read-stdin
true]]

[2013-09-24T21:26:53.615+0200] [glassfish 4.0] [INFO] [NCLS-LOGGING-00009] [javax.enterprise.logging] [tid: _ThreadID=1 _ThreadName=main] [timeMillis: 1380050813615] [levelValue: 800] [[
  Running GlassFish Version: GlassFish Server Open Source Edition  4.0  (build 89)]]

[2013-09-24T21:26:53.618+0200] [glassfish 4.0] [INFO] [NCLS-LOGGING-00010] [javax.enterprise.logging] [tid: _ThreadID=1 _ThreadName=main] [timeMillis: 1380050813618] [levelValue: 800] [[
  Server log file is using Formatter class: com.sun.enterprise.server.logging.ODLLogFormatter]]

[2013-09-24T21:26:53.811+0200] [glassfish 4.0] [INFO] [realm.loaded.successfully] [javax.enterprise.system.core.security.com.sun.enterprise.security.auth.realm] [tid: _ThreadID=1 _ThreadName=main] [timeMillis: 1380050813811] [levelValue: 800] [[
  SEC1115: Realm [admin-realm] of classtype [com.sun.enterprise.security.auth.realm.file.FileRealm] successfully created.]]

[2013-09-24T21:26:53.815+0200] [glassfish 4.0] [INFO] [realm.loaded.successfully] [javax.enterprise.system.core.security.com.sun.enterprise.security.auth.realm] [tid: _ThreadID=1 _ThreadName=main] [timeMillis: 1380050813815] [levelValue: 800] [[
  SEC1115: Realm [file] of classtype [com.sun.enterprise.security.auth.realm.file.FileRealm] successfully created.]]

[2013-09-24T21:26:53.825+0200] [glassfish 4.0] [INFO] [realm.loaded.successfully] [javax.enterprise.system.core.security.com.sun.enterprise.security.auth.realm] [tid: _ThreadID=1 _ThreadName=main] [timeMillis: 1380050813825] [levelValue: 800] [[
  SEC1115: Realm [certificate] of classtype [com.sun.enterprise.security.auth.realm.certificate.CertificateRealm] successfully created.]]

[2013-09-24T21:26:54.233+0200] [glassfish 4.0] [INFO] [] [javax.enterprise.system.core] [tid: _ThreadID=1 _ThreadName=main] [timeMillis: 1380050814233] [levelValue: 800] [[
  Grizzly Framework 2.3.1 started in: 24ms - bound to [/0.0.0.0:8,080]]]

[2013-09-24T21:26:54.282+0200] [glassfish 4.0] [INFO] [] [javax.enterprise.system.core] [tid: _ThreadID=1 _ThreadName=main] [timeMillis: 1380050814282] [levelValue: 800] [[
  Grizzly Framework 2.3.1 started in: 7ms - bound to [/0.0.0.0:8,181]]]

[2013-09-24T21:26:54.301+0200] [glassfish 4.0] [INFO] [] [javax.enterprise.system.core] [tid: _ThreadID=1 _ThreadName=main] [timeMillis: 1380050814301] [levelValue: 800] [[
  Grizzly Framework 2.3.1 started in: 9ms - bound to [/0.0.0.0:4,848]]]

[2013-09-24T21:26:54.437+0200] [glassfish 4.0] [INFO] [] [javax.enterprise.system.core.security.org.glassfish.security.services.impl.authorization] [tid: _ThreadID=1 _ThreadName=main] [timeMillis: 1380050814437] [levelValue: 800] [[
  Authorization Service has successfully initialized.]]

[2013-09-24T21:26:54.490+0200] [glassfish 4.0] [INFO] [] [javax.enterprise.system.core] [tid: _ThreadID=1 _ThreadName=main] [timeMillis: 1380050814490] [levelValue: 800] [[
  Grizzly Framework 2.3.1 started in: 9ms - bound to [/0.0.0.0:3,700]]]

[2013-09-24T21:26:54.501+0200] [glassfish 4.0] [INFO] [] [org.glassfish.ha.store.spi.BackingStoreFactoryRegistry] [tid: _ThreadID=1 _ThreadName=main] [timeMillis: 1380050814501] [levelValue: 800] [[
  Registered org.glassfish.ha.store.adapter.cache.ShoalBackingStoreProxy for persistence-type = replicated in BackingStoreFactoryRegistry]]

[2013-09-24T21:26:54.619+0200] [glassfish 4.0] [INFO] [] [org.hibernate.validator.internal.util.Version] [tid: _ThreadID=1 _ThreadName=main] [timeMillis: 1380050814619] [levelValue: 800] [[
  HV000001: Hibernate Validator 5.0.0.Final]]

[2013-09-24T21:26:55.303+0200] [glassfish 4.0] [INFO] [NCLS-CORE-00017] [javax.enterprise.system.core] [tid: _ThreadID=1 _ThreadName=main] [timeMillis: 1380050815303] [levelValue: 800] [[
  GlassFish Server Open Source Edition  4.0  (89) startup time : Felix (4,722ms), startup services(1,793ms), total(6,515ms)]]

[2013-09-24T21:26:55.327+0200] [glassfish 4.0] [INFO] [] [org.glassfish.jersey.server.ApplicationHandler] [tid: _ThreadID=59 _ThreadName=pool-13-thread-1] [timeMillis: 1380050815327] [levelValue: 800] [[
  Initiating Jersey application, version Jersey: 2.0 2013-05-03 14:50:15...]]

[2013-09-24T21:26:55.786+0200] [glassfish 4.0] [INFO] [NCLS-JMX-00005] [javax.enterprise.system.jmx] [tid: _ThreadID=61 _ThreadName=Thread-6] [timeMillis: 1380050815786] [levelValue: 800] [[
  JMXStartupService has started JMXConnector on JMXService URL service:jmx:rmi://PESKDEB.dontlookhere.net:8686/jndi/rmi://PESKDEB.dontlookhere.net:8686/jmxrmi]]

[2013-09-24T21:26:56.027+0200] [glassfish 4.0] [WARNING] [] [javax.enterprise.resource.resourceadapter.com.sun.enterprise.connectors.jms.util] [tid: _ThreadID=1 _ThreadName=main] [timeMillis: 1380050816027] [levelValue: 900] [[
  jmsra.upgrade_check_failed]]

[2013-09-24T21:26:56.213+0200] [glassfish 4.0] [INFO] [] [javax.enterprise.system.core] [tid: _ThreadID=1 _ThreadName=main] [timeMillis: 1380050816213] [levelValue: 800] [[
  Grizzly Framework 2.3.1 started in: 1ms - bound to [/0.0.0.0:7,676]]]

[2013-09-24T21:26:56.381+0200] [glassfish 4.0] [INFO] [NCLS-BOOTSTRAP-00027] [javax.enterprise.bootstrap] [tid: _ThreadID=1 _ThreadName=main] [timeMillis: 1380050816381] [levelValue: 800] [[
  Registered com.sun.enterprise.glassfish.bootstrap.osgi.EmbeddedOSGiGlassFishImpl@7006da8 as OSGi service registration: org.apache.felix.framework.ServiceRegistrationImpl@299fad44.]]

[2013-09-24T21:27:10.051+0200] [glassfish 4.0] [INFO] [] [javax.enterprise.system.core] [tid: _ThreadID=54 _ThreadName=pool-9-thread-1] [timeMillis: 1380050830051] [levelValue: 800] [[
  Grizzly Framework 2.3.1 started in: 2ms - bound to [/0.0.0.0:8,080]]]

[2013-09-24T21:27:10.067+0200] [glassfish 4.0] [INFO] [] [javax.enterprise.system.core] [tid: _ThreadID=54 _ThreadName=pool-9-thread-1] [timeMillis: 1380050830067] [levelValue: 800] [[
  Grizzly Framework 2.3.1 started in: 3ms - bound to [/0.0.0.0:8,181]]]

[2013-09-24T21:27:10.797+0200] [glassfish 4.0] [INFO] [] [] [tid: _ThreadID=112 _ThreadName=Thread-15] [timeMillis: 1380050830797] [levelValue: 800] [[
  this.makeModuleFor(org.glassfish.main.web.glue, null) returned OSGiModuleImpl:: Bundle = [org.glassfish.main.web.glue [179]], State = [READY]]]

[2013-09-24T21:27:10.799+0200] [glassfish 4.0] [INFO] [] [] [tid: _ThreadID=112 _ThreadName=Thread-15] [timeMillis: 1380050830799] [levelValue: 800] [[
  this.makeModuleFor(org.glassfish.web.javax.servlet.jsp, null) returned OSGiModuleImpl:: Bundle = [org.glassfish.web.javax.servlet.jsp [67]], State = [READY]]]

[2013-09-24T21:27:12.255+0200] [glassfish 4.0] [INFO] [] [javax.enterprise.system.tools.deployment.common] [tid: _ThreadID=112 _ThreadName=Thread-15] [timeMillis: 1380050832255] [levelValue: 800] [[
  visiting unvisited references]]

[2013-09-24T21:27:12.480+0200] [glassfish 4.0] [SEVERE] [java_security.expired_certificate] [javax.enterprise.system.ssl.security.com.sun.enterprise.security.ssl.impl] [tid: _ThreadID=34 _ThreadName=admin-listener(2)] [timeMillis: 1380050832480] [levelValue: 1000] [[
  SEC5054: Certificate has expired: [
[
  Version: V3
  Subject: CN=GTE CyberTrust Root 5, OU="GTE CyberTrust Solutions, Inc.", O=GTE Corporation, C=US
  Signature Algorithm: SHA1withRSA, OID = 1.2.840.113549.1.1.5

  Key:  Sun RSA public key, 2048 bits
  modulus: 23741889829347261660812437366387754385443431973861114865490414153884050331745811968523116847625570146592736935209718565296053386842135985534863157983128812774162998053673746470782252407673402238146869994438729551246768368782318393878374421033907597162218758024581735139682087126982809511479059100617027892880227587855877479432885604404402435662802390484099065871430585284534529627347717530352189612077130606642676951640071336717026459037542552927905851171460589361570392199748753414855675665635003335769915908187224347232807336022456537328962095005323382940080676931822787496212635993279098588863972868266229522169377
  public exponent: 65537
  Validity: [From: Fri Aug 14 16:50:00 CEST 1998,
               To: Thu Aug 15 01:59:00 CEST 2013]
  Issuer: CN=GTE CyberTrust Root 5, OU="GTE CyberTrust Solutions, Inc.", O=GTE Corporation, C=US
  SerialNumber: [    01b6]

Certificate Extensions: 4
[1]: ObjectId: 2.5.29.19 Criticality=true
BasicConstraints:[
  CA:true
  PathLen:5
]

[2]: ObjectId: 2.5.29.32 Criticality=false
CertificatePolicies [
  [CertificatePolicyId: [1.2.840.113763.1.2.1.3]
[]  ]
]

[3]: ObjectId: 2.5.29.15 Criticality=true
KeyUsage [
  Key_CertSign
  Crl_Sign
]

[4]: ObjectId: 2.5.29.14 Criticality=false
SubjectKeyIdentifier [
KeyIdentifier [
0000: 76 0A 49 21 38 4C 9F DE   F8 C4 49 C7 71 71 91 9D  v.I!8L....I.qq..
]
]

]
  Algorithm: [SHA1withRSA]
  Signature:
0000: 41 3A D4 18 5B DA B8 DE   21 1C E1 8E 09 E5 F1 68  A:..[...!......h
0010: 34 FF DE 96 F4 07 F5 A7   3C F3 AC 4A B1 9B FA 92  4.......<..J....
0020: FA 9B ED E6 32 21 AA 4A   76 C5 DC 4F 38 E5 DF D5  ....2!.Jv..O8...
0030: 86 E4 D5 C8 76 7D 98 D7   B1 CD 8F 4D B5 91 23 6C  ....v......M..#l
0040: 8B 8A EB EA 7C EF 14 94   C4 C6 F0 1F 4A 2D 32 71  ............J-2q
0050: 63 2B 63 91 26 02 09 B6   80 1D ED E2 CC B8 7F DB  c+c.&...........
0060: 87 63 C8 E1 D0 6C 26 B1   35 1D 40 66 10 1B CD 95  .c...l&.5.@f....
0070: 54 18 33 61 EC 13 4F DA   13 F7 99 AF 3E D0 CF 8E  T.3a..O.....>...
0080: A6 72 A2 B3 C3 05 9A C9   27 7D 92 CC 7E 52 8D B3  .r......'....R..
0090: AB 70 6D 9E 89 9F 4D EB   1A 75 C2 98 AA D5 02 16  .pm...M..u......
00A0: D7 0C 8A BF 25 E4 EB 2D   BC 98 E9 58 38 19 7C B9  ....%..-...X8...
00B0: 37 FE DB E2 99 08 73 06   C7 97 83 6A 7D 10 01 2F  7.....s....j.../
00C0: 32 B9 17 05 4A 65 E6 2F   CE BE 5E 53 A6 82 E9 9A  2...Je./..^S....
00D0: 53 0A 84 74 2D 83 CA C8   94 16 76 5F 94 61 28 F0  S..t-.....v_.a(.
00E0: 85 A7 39 BB D7 8B D9 A8   B2 13 1D 54 09 34 24 7D  ..9........T.4$.
00F0: 20 81 7D 66 7E A2 90 74   5C 10 C6 BD EC AB 1B C2   ..f...t\.......

]]]

[2013-09-24T21:27:12.531+0200] [glassfish 4.0] [INFO] [] [] [tid: _ThreadID=112 _ThreadName=Thread-15] [timeMillis: 1380050832531] [levelValue: 800] [[
  this.makeModuleFor(org.glassfish.main.admingui.console-common, 4.0.0) returned OSGiModuleImpl:: Bundle = [org.glassfish.main.admingui.console-common [5]], State = [READY]]]

[2013-09-24T21:27:12.541+0200] [glassfish 4.0] [INFO] [] [] [tid: _ThreadID=112 _ThreadName=Thread-15] [timeMillis: 1380050832541] [levelValue: 800] [[
  this.makeModuleFor(org.glassfish.hk2.hk2, 2.1.92) returned OSGiModuleImpl:: Bundle = [org.glassfish.hk2.hk2 [26]], State = [READY]]]

[2013-09-24T21:27:12.544+0200] [glassfish 4.0] [INFO] [] [] [tid: _ThreadID=112 _ThreadName=Thread-15] [timeMillis: 1380050832544] [levelValue: 800] [[
  this.makeModuleFor(org.glassfish.main.admingui.console-plugin-service, 4.0.0) returned OSGiModuleImpl:: Bundle = [org.glassfish.main.admingui.console-plugin-service [194]], State = [READY]]]

[2013-09-24T21:27:12.552+0200] [glassfish 4.0] [INFO] [] [] [tid: _ThreadID=112 _ThreadName=Thread-15] [timeMillis: 1380050832552] [levelValue: 800] [[
  this.makeModuleFor(org.glassfish.main.deployment.deployment-client, 4.0.0) returned OSGiModuleImpl:: Bundle = [org.glassfish.main.deployment.deployment-client [76]], State = [READY]]]

[2013-09-24T21:27:12.555+0200] [glassfish 4.0] [INFO] [] [] [tid: _ThreadID=112 _ThreadName=Thread-15] [timeMillis: 1380050832555] [levelValue: 800] [[
  this.makeModuleFor(org.glassfish.main.registration.registration-api, 4.0.0) returned OSGiModuleImpl:: Bundle = [org.glassfish.main.registration.registration-api [267]], State = [READY]]]

[2013-09-24T21:27:12.558+0200] [glassfish 4.0] [INFO] [] [] [tid: _ThreadID=112 _ThreadName=Thread-15] [timeMillis: 1380050832558] [levelValue: 800] [[
  this.makeModuleFor(org.glassfish.main.registration.registration-impl, 4.0.0) returned OSGiModuleImpl:: Bundle = [org.glassfish.main.registration.registration-impl [119]], State = [READY]]]

[2013-09-24T21:27:12.561+0200] [glassfish 4.0] [INFO] [] [] [tid: _ThreadID=112 _ThreadName=Thread-15] [timeMillis: 1380050832561] [levelValue: 800] [[
  this.makeModuleFor(javax.servlet-api, 3.1.0) returned OSGiModuleImpl:: Bundle = [javax.servlet-api [258]], State = [READY]]]

[2013-09-24T21:27:12.563+0200] [glassfish 4.0] [INFO] [] [] [tid: _ThreadID=112 _ThreadName=Thread-15] [timeMillis: 1380050832563] [levelValue: 800] [[
  this.makeModuleFor(javax.servlet.jsp-api, 2.3.1) returned OSGiModuleImpl:: Bundle = [javax.servlet.jsp-api [252]], State = [READY]]]

[2013-09-24T21:27:12.564+0200] [glassfish 4.0] [INFO] [] [] [tid: _ThreadID=112 _ThreadName=Thread-15] [timeMillis: 1380050832564] [levelValue: 800] [[
  this.makeModuleFor(com.sun.el.javax.el, 3.0.0) returned OSGiModuleImpl:: Bundle = [com.sun.el.javax.el [233]], State = [READY]]]

[2013-09-24T21:27:12.565+0200] [glassfish 4.0] [INFO] [] [] [tid: _ThreadID=112 _ThreadName=Thread-15] [timeMillis: 1380050832565] [levelValue: 800] [[
  this.makeModuleFor(com.sun.jsftemplating, 2.1.0) returned OSGiModuleImpl:: Bundle = [com.sun.jsftemplating [262]], State = [READY]]]

[2013-09-24T21:27:12.567+0200] [glassfish 4.0] [INFO] [] [] [tid: _ThreadID=112 _ThreadName=Thread-15] [timeMillis: 1380050832567] [levelValue: 800] [[
  this.makeModuleFor(org.glassfish.main.admingui.dataprovider, 4.0.0) returned OSGiModuleImpl:: Bundle = [org.glassfish.main.admingui.dataprovider [10]], State = [READY]]]

[2013-09-24T21:27:12.568+0200] [glassfish 4.0] [INFO] [] [] [tid: _ThreadID=112 _ThreadName=Thread-15] [timeMillis: 1380050832568] [levelValue: 800] [[
  this.makeModuleFor(com.sun.pkg.client, 1.0.0) returned OSGiModuleImpl:: Bundle = [com.sun.pkg.client [71]], State = [READY]]]

[2013-09-24T21:27:12.569+0200] [glassfish 4.0] [INFO] [] [] [tid: _ThreadID=112 _ThreadName=Thread-15] [timeMillis: 1380050832569] [levelValue: 800] [[
  this.makeModuleFor(org.glassfish.main.admingui.console-jca-plugin, 4.0.0) returned OSGiModuleImpl:: Bundle = [org.glassfish.main.admingui.console-jca-plugin [83]], State = [READY]]]

[2013-09-24T21:27:12.570+0200] [glassfish 4.0] [INFO] [] [] [tid: _ThreadID=112 _ThreadName=Thread-15] [timeMillis: 1380050832570] [levelValue: 800] [[
  this.makeModuleFor(org.glassfish.main.admingui.console-corba-plugin, 4.0.0) returned OSGiModuleImpl:: Bundle = [org.glassfish.main.admingui.console-corba-plugin [98]], State = [READY]]]

[2013-09-24T21:27:12.571+0200] [glassfish 4.0] [INFO] [] [] [tid: _ThreadID=112 _ThreadName=Thread-15] [timeMillis: 1380050832571] [levelValue: 800] [[
  this.makeModuleFor(org.glassfish.main.admingui.console-web-plugin, 4.0.0) returned OSGiModuleImpl:: Bundle = [org.glassfish.main.admingui.console-web-plugin [128]], State = [READY]]]

[2013-09-24T21:27:12.572+0200] [glassfish 4.0] [INFO] [] [] [tid: _ThreadID=112 _ThreadName=Thread-15] [timeMillis: 1380050832572] [levelValue: 800] [[
  this.makeModuleFor(org.glassfish.main.admingui.console-community-branding-plugin, 4.0.0) returned OSGiModuleImpl:: Bundle = [org.glassfish.main.admingui.console-community-branding-plugin [85]], State = [READY]]]

[2013-09-24T21:27:12.573+0200] [glassfish 4.0] [INFO] [] [] [tid: _ThreadID=112 _ThreadName=Thread-15] [timeMillis: 1380050832573] [levelValue: 800] [[
  this.makeModuleFor(org.glassfish.main.admingui.console-jts-plugin, 4.0.0) returned OSGiModuleImpl:: Bundle = [org.glassfish.main.admingui.console-jts-plugin [90]], State = [READY]]]

[2013-09-24T21:27:12.587+0200] [glassfish 4.0] [INFO] [] [] [tid: _ThreadID=112 _ThreadName=Thread-15] [timeMillis: 1380050832587] [levelValue: 800] [[
  this.makeModuleFor(org.glassfish.main.admingui.console-ejb-plugin, 4.0.0) returned OSGiModuleImpl:: Bundle = [org.glassfish.main.admingui.console-ejb-plugin [192]], State = [READY]]]

[2013-09-24T21:27:12.589+0200] [glassfish 4.0] [INFO] [] [] [tid: _ThreadID=112 _ThreadName=Thread-15] [timeMillis: 1380050832589] [levelValue: 800] [[
  this.makeModuleFor(org.glassfish.main.admingui.console-common-full-plugin, 4.0.0) returned OSGiModuleImpl:: Bundle = [org.glassfish.main.admingui.console-common-full-plugin [114]], State = [READY]]]

[2013-09-24T21:27:12.595+0200] [glassfish 4.0] [INFO] [] [] [tid: _ThreadID=112 _ThreadName=Thread-15] [timeMillis: 1380050832595] [levelValue: 800] [[
  this.makeModuleFor(org.glassfish.main.admingui.console-concurrent-plugin, 4.0.0) returned OSGiModuleImpl:: Bundle = [org.glassfish.main.admingui.console-concurrent-plugin [23]], State = [READY]]]

[2013-09-24T21:27:12.596+0200] [glassfish 4.0] [INFO] [] [] [tid: _ThreadID=112 _ThreadName=Thread-15] [timeMillis: 1380050832596] [levelValue: 800] [[
  this.makeModuleFor(org.glassfish.main.admingui.console-common, 4.0.0) returned OSGiModuleImpl:: Bundle = [org.glassfish.main.admingui.console-common [5]], State = [READY]]]

[2013-09-24T21:27:12.596+0200] [glassfish 4.0] [INFO] [] [] [tid: _ThreadID=112 _ThreadName=Thread-15] [timeMillis: 1380050832596] [levelValue: 800] [[
  this.makeModuleFor(org.glassfish.main.admingui.console-jms-plugin, 4.0.0) returned OSGiModuleImpl:: Bundle = [org.glassfish.main.admingui.console-jms-plugin [178]], State = [READY]]]

[2013-09-24T21:27:12.597+0200] [glassfish 4.0] [INFO] [] [] [tid: _ThreadID=112 _ThreadName=Thread-15] [timeMillis: 1380050832597] [levelValue: 800] [[
  this.makeModuleFor(org.glassfish.main.admingui.console-cluster-plugin, 4.0.0) returned OSGiModuleImpl:: Bundle = [org.glassfish.main.admingui.console-cluster-plugin [30]], State = [READY]]]

[2013-09-24T21:27:12.597+0200] [glassfish 4.0] [INFO] [] [] [tid: _ThreadID=112 _ThreadName=Thread-15] [timeMillis: 1380050832597] [levelValue: 800] [[
  this.makeModuleFor(org.glassfish.main.admingui.console-ejb-lite-plugin, 4.0.0) returned OSGiModuleImpl:: Bundle = [org.glassfish.main.admingui.console-ejb-lite-plugin [43]], State = [READY]]]

[2013-09-24T21:27:12.598+0200] [glassfish 4.0] [INFO] [] [] [tid: _ThreadID=112 _ThreadName=Thread-15] [timeMillis: 1380050832598] [levelValue: 800] [[
  this.makeModuleFor(org.glassfish.main.admingui.console-updatecenter-plugin, 4.0.0) returned OSGiModuleImpl:: Bundle = [org.glassfish.main.admingui.console-updatecenter-plugin [161]], State = [READY]]]

[2013-09-24T21:27:12.599+0200] [glassfish 4.0] [INFO] [] [] [tid: _ThreadID=112 _ThreadName=Thread-15] [timeMillis: 1380050832599] [levelValue: 800] [[
  this.makeModuleFor(org.glassfish.main.admingui.console-jdbc-plugin, 4.0.0) returned OSGiModuleImpl:: Bundle = [org.glassfish.main.admingui.console-jdbc-plugin [112]], State = [READY]]]

[2013-09-24T21:27:12.956+0200] [glassfish 4.0] [INFO] [AS-WEB-GLUE-00198] [javax.enterprise.web] [tid: _ThreadID=112 _ThreadName=Thread-15] [timeMillis: 1380050832956] [levelValue: 800] [[
  Created HTTP listener http-listener-1 on host/port 0.0.0.0:8080]]

[2013-09-24T21:27:12.966+0200] [glassfish 4.0] [INFO] [AS-WEB-GLUE-00198] [javax.enterprise.web] [tid: _ThreadID=112 _ThreadName=Thread-15] [timeMillis: 1380050832966] [levelValue: 800] [[
  Created HTTP listener http-listener-2 on host/port 0.0.0.0:8181]]

[2013-09-24T21:27:12.974+0200] [glassfish 4.0] [INFO] [AS-WEB-GLUE-00198] [javax.enterprise.web] [tid: _ThreadID=112 _ThreadName=Thread-15] [timeMillis: 1380050832974] [levelValue: 800] [[
  Created HTTP listener admin-listener on host/port 0.0.0.0:4848]]

[2013-09-24T21:27:13.014+0200] [glassfish 4.0] [INFO] [AS-WEB-GLUE-00200] [javax.enterprise.web] [tid: _ThreadID=112 _ThreadName=Thread-15] [timeMillis: 1380050833014] [levelValue: 800] [[
  Created virtual server server]]

[2013-09-24T21:27:13.077+0200] [glassfish 4.0] [INFO] [AS-WEB-GLUE-00200] [javax.enterprise.web] [tid: _ThreadID=112 _ThreadName=Thread-15] [timeMillis: 1380050833077] [levelValue: 800] [[
  Created virtual server __asadmin]]

[2013-09-24T21:27:13.543+0200] [glassfish 4.0] [INFO] [AS-WEB-CORE-00306] [javax.enterprise.web.core] [tid: _ThreadID=112 _ThreadName=Thread-15] [timeMillis: 1380050833543] [levelValue: 800] [[
  Setting JAAS app name glassfish-web]]

[2013-09-24T21:27:13.544+0200] [glassfish 4.0] [INFO] [AS-WEB-GLUE-00201] [javax.enterprise.web] [tid: _ThreadID=112 _ThreadName=Thread-15] [timeMillis: 1380050833544] [levelValue: 800] [[
  Virtual server server loaded default web module ]]

[2013-09-24T21:27:13.881+0200] [glassfish 4.0] [INFO] [security.secmgroff] [javax.enterprise.system.core.security.com.sun.enterprise.security] [tid: _ThreadID=112 _ThreadName=Thread-15] [timeMillis: 1380050833881] [levelValue: 800] [[
  SEC1002: Security Manager is OFF.]]

[2013-09-24T21:27:13.905+0200] [glassfish 4.0] [INFO] [sec.service.startup.enter] [javax.enterprise.system.core.security.com.sun.enterprise.security] [tid: _ThreadID=112 _ThreadName=Thread-15] [timeMillis: 1380050833905] [levelValue: 800] [[
  SEC1010: Entering Security Startup Service]]

[2013-09-24T21:27:13.911+0200] [glassfish 4.0] [INFO] [policy.loading] [javax.enterprise.system.core.security.com.sun.enterprise.security] [tid: _ThreadID=112 _ThreadName=Thread-15] [timeMillis: 1380050833911] [levelValue: 800] [[
  SEC1143: Loading policy provider com.sun.enterprise.security.provider.PolicyWrapper.]]

[2013-09-24T21:27:14.025+0200] [glassfish 4.0] [INFO] [sec.service.startup.exit] [javax.enterprise.system.core.security.com.sun.enterprise.security] [tid: _ThreadID=112 _ThreadName=Thread-15] [timeMillis: 1380050834025] [levelValue: 800] [[
  SEC1011: Security Service(s) Started Successfully]]

[2013-09-24T21:27:14.411+0200] [glassfish 4.0] [INFO] [] [org.glassfish.jersey.server.ApplicationHandler] [tid: _ThreadID=34 _ThreadName=admin-listener(2)] [timeMillis: 1380050834411] [levelValue: 800] [[
  Initiating Jersey application, version Jersey: 2.0 2013-05-03 14:50:15...]]

[2013-09-24T21:27:15.312+0200] [glassfish 4.0] [INFO] [] [javax.enterprise.system.tools.deployment.common] [tid: _ThreadID=112 _ThreadName=Thread-15] [timeMillis: 1380050835312] [levelValue: 800] [[
  visiting unvisited references]]

[2013-09-24T21:27:15.339+0200] [glassfish 4.0] [INFO] [] [javax.enterprise.system.tools.deployment.common] [tid: _ThreadID=112 _ThreadName=Thread-15] [timeMillis: 1380050835339] [levelValue: 800] [[
  visiting unvisited references]]

[2013-09-24T21:27:15.345+0200] [glassfish 4.0] [INFO] [] [javax.enterprise.system.tools.deployment.common] [tid: _ThreadID=112 _ThreadName=Thread-15] [timeMillis: 1380050835345] [levelValue: 800] [[
  visiting unvisited references]]

[2013-09-24T21:27:15.657+0200] [glassfish 4.0] [INFO] [NCLS-REST-00001] [javax.enterprise.admin.rest] [tid: _ThreadID=34 _ThreadName=admin-listener(2)] [timeMillis: 1380050835657] [levelValue: 800] [[
  Listening to REST requests at context: /management/domain.]]

[2013-09-24T21:27:15.661+0200] [glassfish 4.0] [INFO] [] [] [tid: _ThreadID=112 _ThreadName=Thread-15] [timeMillis: 1380050835661] [levelValue: 800] [[
  this.makeModuleFor(org.glassfish.main.admingui.console-common, 4.0.0) returned OSGiModuleImpl:: Bundle = [org.glassfish.main.admingui.console-common [5]], State = [READY]]]

[2013-09-24T21:27:15.661+0200] [glassfish 4.0] [INFO] [] [] [tid: _ThreadID=112 _ThreadName=Thread-15] [timeMillis: 1380050835661] [levelValue: 800] [[
  this.makeModuleFor(org.glassfish.hk2.hk2, 2.1.92) returned OSGiModuleImpl:: Bundle = [org.glassfish.hk2.hk2 [26]], State = [READY]]]

[2013-09-24T21:27:15.662+0200] [glassfish 4.0] [INFO] [] [] [tid: _ThreadID=112 _ThreadName=Thread-15] [timeMillis: 1380050835662] [levelValue: 800] [[
  this.makeModuleFor(org.glassfish.main.admingui.console-plugin-service, 4.0.0) returned OSGiModuleImpl:: Bundle = [org.glassfish.main.admingui.console-plugin-service [194]], State = [READY]]]

[2013-09-24T21:27:15.662+0200] [glassfish 4.0] [INFO] [] [] [tid: _ThreadID=112 _ThreadName=Thread-15] [timeMillis: 1380050835662] [levelValue: 800] [[
  this.makeModuleFor(org.glassfish.main.deployment.deployment-client, 4.0.0) returned OSGiModuleImpl:: Bundle = [org.glassfish.main.deployment.deployment-client [76]], State = [READY]]]

[2013-09-24T21:27:15.663+0200] [glassfish 4.0] [INFO] [] [] [tid: _ThreadID=112 _ThreadName=Thread-15] [timeMillis: 1380050835663] [levelValue: 800] [[
  this.makeModuleFor(org.glassfish.main.registration.registration-api, 4.0.0) returned OSGiModuleImpl:: Bundle = [org.glassfish.main.registration.registration-api [267]], State = [READY]]]

[2013-09-24T21:27:15.663+0200] [glassfish 4.0] [INFO] [] [] [tid: _ThreadID=112 _ThreadName=Thread-15] [timeMillis: 1380050835663] [levelValue: 800] [[
  this.makeModuleFor(org.glassfish.main.registration.registration-impl, 4.0.0) returned OSGiModuleImpl:: Bundle = [org.glassfish.main.registration.registration-impl [119]], State = [READY]]]

[2013-09-24T21:27:15.664+0200] [glassfish 4.0] [INFO] [] [] [tid: _ThreadID=112 _ThreadName=Thread-15] [timeMillis: 1380050835664] [levelValue: 800] [[
  this.makeModuleFor(javax.servlet-api, 3.1.0) returned OSGiModuleImpl:: Bundle = [javax.servlet-api [258]], State = [READY]]]

[2013-09-24T21:27:15.664+0200] [glassfish 4.0] [INFO] [] [] [tid: _ThreadID=112 _ThreadName=Thread-15] [timeMillis: 1380050835664] [levelValue: 800] [[
  this.makeModuleFor(javax.servlet.jsp-api, 2.3.1) returned OSGiModuleImpl:: Bundle = [javax.servlet.jsp-api [252]], State = [READY]]]

[2013-09-24T21:27:15.665+0200] [glassfish 4.0] [INFO] [] [] [tid: _ThreadID=112 _ThreadName=Thread-15] [timeMillis: 1380050835665] [levelValue: 800] [[
  this.makeModuleFor(com.sun.el.javax.el, 3.0.0) returned OSGiModuleImpl:: Bundle = [com.sun.el.javax.el [233]], State = [READY]]]

[2013-09-24T21:27:15.665+0200] [glassfish 4.0] [INFO] [] [] [tid: _ThreadID=112 _ThreadName=Thread-15] [timeMillis: 1380050835665] [levelValue: 800] [[
  this.makeModuleFor(com.sun.jsftemplating, 2.1.0) returned OSGiModuleImpl:: Bundle = [com.sun.jsftemplating [262]], State = [READY]]]

[2013-09-24T21:27:15.666+0200] [glassfish 4.0] [INFO] [] [] [tid: _ThreadID=112 _ThreadName=Thread-15] [timeMillis: 1380050835666] [levelValue: 800] [[
  this.makeModuleFor(org.glassfish.main.admingui.dataprovider, 4.0.0) returned OSGiModuleImpl:: Bundle = [org.glassfish.main.admingui.dataprovider [10]], State = [READY]]]

[2013-09-24T21:27:15.666+0200] [glassfish 4.0] [INFO] [] [] [tid: _ThreadID=112 _ThreadName=Thread-15] [timeMillis: 1380050835666] [levelValue: 800] [[
  this.makeModuleFor(com.sun.pkg.client, 1.0.0) returned OSGiModuleImpl:: Bundle = [com.sun.pkg.client [71]], State = [READY]]]

[2013-09-24T21:27:15.667+0200] [glassfish 4.0] [INFO] [] [] [tid: _ThreadID=112 _ThreadName=Thread-15] [timeMillis: 1380050835667] [levelValue: 800] [[
  this.makeModuleFor(org.glassfish.main.admingui.console-jca-plugin, 4.0.0) returned OSGiModuleImpl:: Bundle = [org.glassfish.main.admingui.console-jca-plugin [83]], State = [READY]]]

[2013-09-24T21:27:15.668+0200] [glassfish 4.0] [INFO] [] [] [tid: _ThreadID=112 _ThreadName=Thread-15] [timeMillis: 1380050835668] [levelValue: 800] [[
  this.makeModuleFor(org.glassfish.main.admingui.console-corba-plugin, 4.0.0) returned OSGiModuleImpl:: Bundle = [org.glassfish.main.admingui.console-corba-plugin [98]], State = [READY]]]

[2013-09-24T21:27:15.668+0200] [glassfish 4.0] [INFO] [] [] [tid: _ThreadID=112 _ThreadName=Thread-15] [timeMillis: 1380050835668] [levelValue: 800] [[
  this.makeModuleFor(org.glassfish.main.admingui.console-web-plugin, 4.0.0) returned OSGiModuleImpl:: Bundle = [org.glassfish.main.admingui.console-web-plugin [128]], State = [READY]]]

[2013-09-24T21:27:15.669+0200] [glassfish 4.0] [INFO] [] [] [tid: _ThreadID=112 _ThreadName=Thread-15] [timeMillis: 1380050835669] [levelValue: 800] [[
  this.makeModuleFor(org.glassfish.main.admingui.console-community-branding-plugin, 4.0.0) returned OSGiModuleImpl:: Bundle = [org.glassfish.main.admingui.console-community-branding-plugin [85]], State = [READY]]]

[2013-09-24T21:27:15.669+0200] [glassfish 4.0] [INFO] [] [] [tid: _ThreadID=112 _ThreadName=Thread-15] [timeMillis: 1380050835669] [levelValue: 800] [[
  this.makeModuleFor(org.glassfish.main.admingui.console-jts-plugin, 4.0.0) returned OSGiModuleImpl:: Bundle = [org.glassfish.main.admingui.console-jts-plugin [90]], State = [READY]]]

[2013-09-24T21:27:15.670+0200] [glassfish 4.0] [INFO] [] [] [tid: _ThreadID=112 _ThreadName=Thread-15] [timeMillis: 1380050835670] [levelValue: 800] [[
  this.makeModuleFor(org.glassfish.main.admingui.console-ejb-plugin, 4.0.0) returned OSGiModuleImpl:: Bundle = [org.glassfish.main.admingui.console-ejb-plugin [192]], State = [READY]]]

[2013-09-24T21:27:15.670+0200] [glassfish 4.0] [INFO] [] [] [tid: _ThreadID=112 _ThreadName=Thread-15] [timeMillis: 1380050835670] [levelValue: 800] [[
  this.makeModuleFor(org.glassfish.main.admingui.console-common-full-plugin, 4.0.0) returned OSGiModuleImpl:: Bundle = [org.glassfish.main.admingui.console-common-full-plugin [114]], State = [READY]]]

[2013-09-24T21:27:15.671+0200] [glassfish 4.0] [INFO] [] [] [tid: _ThreadID=112 _ThreadName=Thread-15] [timeMillis: 1380050835671] [levelValue: 800] [[
  this.makeModuleFor(org.glassfish.main.admingui.console-concurrent-plugin, 4.0.0) returned OSGiModuleImpl:: Bundle = [org.glassfish.main.admingui.console-concurrent-plugin [23]], State = [READY]]]

[2013-09-24T21:27:15.671+0200] [glassfish 4.0] [INFO] [] [] [tid: _ThreadID=112 _ThreadName=Thread-15] [timeMillis: 1380050835671] [levelValue: 800] [[
  this.makeModuleFor(org.glassfish.main.admingui.console-common, 4.0.0) returned OSGiModuleImpl:: Bundle = [org.glassfish.main.admingui.console-common [5]], State = [READY]]]

[2013-09-24T21:27:15.672+0200] [glassfish 4.0] [INFO] [] [] [tid: _ThreadID=112 _ThreadName=Thread-15] [timeMillis: 1380050835672] [levelValue: 800] [[
  this.makeModuleFor(org.glassfish.main.admingui.console-jms-plugin, 4.0.0) returned OSGiModuleImpl:: Bundle = [org.glassfish.main.admingui.console-jms-plugin [178]], State = [READY]]]

[2013-09-24T21:27:15.672+0200] [glassfish 4.0] [INFO] [] [] [tid: _ThreadID=112 _ThreadName=Thread-15] [timeMillis: 1380050835672] [levelValue: 800] [[
  this.makeModuleFor(org.glassfish.main.admingui.console-cluster-plugin, 4.0.0) returned OSGiModuleImpl:: Bundle = [org.glassfish.main.admingui.console-cluster-plugin [30]], State = [READY]]]

[2013-09-24T21:27:15.673+0200] [glassfish 4.0] [INFO] [] [] [tid: _ThreadID=112 _ThreadName=Thread-15] [timeMillis: 1380050835673] [levelValue: 800] [[
  this.makeModuleFor(org.glassfish.main.admingui.console-ejb-lite-plugin, 4.0.0) returned OSGiModuleImpl:: Bundle = [org.glassfish.main.admingui.console-ejb-lite-plugin [43]], State = [READY]]]

[2013-09-24T21:27:15.673+0200] [glassfish 4.0] [INFO] [] [] [tid: _ThreadID=112 _ThreadName=Thread-15] [timeMillis: 1380050835673] [levelValue: 800] [[
  this.makeModuleFor(org.glassfish.main.admingui.console-updatecenter-plugin, 4.0.0) returned OSGiModuleImpl:: Bundle = [org.glassfish.main.admingui.console-updatecenter-plugin [161]], State = [READY]]]

[2013-09-24T21:27:15.674+0200] [glassfish 4.0] [INFO] [] [] [tid: _ThreadID=112 _ThreadName=Thread-15] [timeMillis: 1380050835674] [levelValue: 800] [[
  this.makeModuleFor(org.glassfish.main.admingui.console-jdbc-plugin, 4.0.0) returned OSGiModuleImpl:: Bundle = [org.glassfish.main.admingui.console-jdbc-plugin [112]], State = [READY]]]

[2013-09-24T21:27:17.633+0200] [glassfish 4.0] [INFO] [jsf.config.listener.version] [javax.enterprise.resource.webcontainer.jsf.config] [tid: _ThreadID=112 _ThreadName=Thread-15] [timeMillis: 1380050837633] [levelValue: 800] [[
  Initializing Mojarra 2.2.0 ( 20130502-2118 https://svn.java.net/svn/mojarra~svn/tags/2.2.0@11930) for context '']]

[2013-09-24T21:27:19.719+0200] [glassfish 4.0] [INFO] [AS-WEB-GLUE-00172] [javax.enterprise.web] [tid: _ThreadID=112 _ThreadName=Thread-15] [timeMillis: 1380050839719] [levelValue: 800] [[
  Loading application [__admingui] at [/]]]

[2013-09-24T21:27:19.721+0200] [glassfish 4.0] [INFO] [NCLS-CORE-00022] [javax.enterprise.system.core] [tid: _ThreadID=112 _ThreadName=Thread-15] [timeMillis: 1380050839721] [levelValue: 800] [[
  Loading application __admingui done in 9,246 ms]]

[2013-09-24T21:27:20.615+0200] [glassfish 4.0] [WARNING] [] [javax.enterprise.system.container.web.com.sun.web.security] [tid: _ThreadID=34 _ThreadName=admin-listener(2)] [timeMillis: 1380050840615] [levelValue: 900] [[
  Context path from ServletContext:  differs from path from bundle: /]]

[2013-09-24T21:27:21.067+0200] [glassfish 4.0] [SEVERE] [java_security.expired_certificate] [javax.enterprise.system.ssl.security.com.sun.enterprise.security.ssl.impl] [tid: _ThreadID=34 _ThreadName=admin-listener(2)] [timeMillis: 1380050841067] [levelValue: 1000] [[
  SEC5054: Certificate has expired: [
[
  Version: V3
  Subject: CN=GTE CyberTrust Root 5, OU="GTE CyberTrust Solutions, Inc.", O=GTE Corporation, C=US
  Signature Algorithm: SHA1withRSA, OID = 1.2.840.113549.1.1.5

  Key:  Sun RSA public key, 2048 bits
  modulus: 23741889829347261660812437366387754385443431973861114865490414153884050331745811968523116847625570146592736935209718565296053386842135985534863157983128812774162998053673746470782252407673402238146869994438729551246768368782318393878374421033907597162218758024581735139682087126982809511479059100617027892880227587855877479432885604404402435662802390484099065871430585284534529627347717530352189612077130606642676951640071336717026459037542552927905851171460589361570392199748753414855675665635003335769915908187224347232807336022456537328962095005323382940080676931822787496212635993279098588863972868266229522169377
  public exponent: 65537
  Validity: [From: Fri Aug 14 16:50:00 CEST 1998,
               To: Thu Aug 15 01:59:00 CEST 2013]
  Issuer: CN=GTE CyberTrust Root 5, OU="GTE CyberTrust Solutions, Inc.", O=GTE Corporation, C=US
  SerialNumber: [    01b6]

Certificate Extensions: 4
[1]: ObjectId: 2.5.29.19 Criticality=true
BasicConstraints:[
  CA:true
  PathLen:5
]

[2]: ObjectId: 2.5.29.32 Criticality=false
CertificatePolicies [
  [CertificatePolicyId: [1.2.840.113763.1.2.1.3]
[]  ]
]

[3]: ObjectId: 2.5.29.15 Criticality=true
KeyUsage [
  Key_CertSign
  Crl_Sign
]

[4]: ObjectId: 2.5.29.14 Criticality=false
SubjectKeyIdentifier [
KeyIdentifier [
0000: 76 0A 49 21 38 4C 9F DE   F8 C4 49 C7 71 71 91 9D  v.I!8L....I.qq..
]
]

]
  Algorithm: [SHA1withRSA]
  Signature:
0000: 41 3A D4 18 5B DA B8 DE   21 1C E1 8E 09 E5 F1 68  A:..[...!......h
0010: 34 FF DE 96 F4 07 F5 A7   3C F3 AC 4A B1 9B FA 92  4.......<..J....
0020: FA 9B ED E6 32 21 AA 4A   76 C5 DC 4F 38 E5 DF D5  ....2!.Jv..O8...
0030: 86 E4 D5 C8 76 7D 98 D7   B1 CD 8F 4D B5 91 23 6C  ....v......M..#l
0040: 8B 8A EB EA 7C EF 14 94   C4 C6 F0 1F 4A 2D 32 71  ............J-2q
0050: 63 2B 63 91 26 02 09 B6   80 1D ED E2 CC B8 7F DB  c+c.&...........
0060: 87 63 C8 E1 D0 6C 26 B1   35 1D 40 66 10 1B CD 95  .c...l&.5.@f....
0070: 54 18 33 61 EC 13 4F DA   13 F7 99 AF 3E D0 CF 8E  T.3a..O.....>...
0080: A6 72 A2 B3 C3 05 9A C9   27 7D 92 CC 7E 52 8D B3  .r......'....R..
0090: AB 70 6D 9E 89 9F 4D EB   1A 75 C2 98 AA D5 02 16  .pm...M..u......
00A0: D7 0C 8A BF 25 E4 EB 2D   BC 98 E9 58 38 19 7C B9  ....%..-...X8...
00B0: 37 FE DB E2 99 08 73 06   C7 97 83 6A 7D 10 01 2F  7.....s....j.../
00C0: 32 B9 17 05 4A 65 E6 2F   CE BE 5E 53 A6 82 E9 9A  2...Je./..^S....
00D0: 53 0A 84 74 2D 83 CA C8   94 16 76 5F 94 61 28 F0  S..t-.....v_.a(.
00E0: 85 A7 39 BB D7 8B D9 A8   B2 13 1D 54 09 34 24 7D  ..9........T.4$.
00F0: 20 81 7D 66 7E A2 90 74   5C 10 C6 BD EC AB 1B C2   ..f...t\.......

]]]

[2013-09-24T21:27:22.946+0200] [glassfish 4.0] [SEVERE] [java_security.expired_certificate] [javax.enterprise.system.ssl.security.com.sun.enterprise.security.ssl.impl] [tid: _ThreadID=35 _ThreadName=admin-listener(3)] [timeMillis: 1380050842946] [levelValue: 1000] [[
  SEC5054: Certificate has expired: [
[
  Version: V3
  Subject: CN=GTE CyberTrust Root 5, OU="GTE CyberTrust Solutions, Inc.", O=GTE Corporation, C=US
  Signature Algorithm: SHA1withRSA, OID = 1.2.840.113549.1.1.5

  Key:  Sun RSA public key, 2048 bits
  modulus: 23741889829347261660812437366387754385443431973861114865490414153884050331745811968523116847625570146592736935209718565296053386842135985534863157983128812774162998053673746470782252407673402238146869994438729551246768368782318393878374421033907597162218758024581735139682087126982809511479059100617027892880227587855877479432885604404402435662802390484099065871430585284534529627347717530352189612077130606642676951640071336717026459037542552927905851171460589361570392199748753414855675665635003335769915908187224347232807336022456537328962095005323382940080676931822787496212635993279098588863972868266229522169377
  public exponent: 65537
  Validity: [From: Fri Aug 14 16:50:00 CEST 1998,
               To: Thu Aug 15 01:59:00 CEST 2013]
  Issuer: CN=GTE CyberTrust Root 5, OU="GTE CyberTrust Solutions, Inc.", O=GTE Corporation, C=US
  SerialNumber: [    01b6]

Certificate Extensions: 4
[1]: ObjectId: 2.5.29.19 Criticality=true
BasicConstraints:[
  CA:true
  PathLen:5
]

[2]: ObjectId: 2.5.29.32 Criticality=false
CertificatePolicies [
  [CertificatePolicyId: [1.2.840.113763.1.2.1.3]
[]  ]
]

[3]: ObjectId: 2.5.29.15 Criticality=true
KeyUsage [
  Key_CertSign
  Crl_Sign
]

[4]: ObjectId: 2.5.29.14 Criticality=false
SubjectKeyIdentifier [
KeyIdentifier [
0000: 76 0A 49 21 38 4C 9F DE   F8 C4 49 C7 71 71 91 9D  v.I!8L....I.qq..
]
]

]
  Algorithm: [SHA1withRSA]
  Signature:
0000: 41 3A D4 18 5B DA B8 DE   21 1C E1 8E 09 E5 F1 68  A:..[...!......h
0010: 34 FF DE 96 F4 07 F5 A7   3C F3 AC 4A B1 9B FA 92  4.......<..J....
0020: FA 9B ED E6 32 21 AA 4A   76 C5 DC 4F 38 E5 DF D5  ....2!.Jv..O8...
0030: 86 E4 D5 C8 76 7D 98 D7   B1 CD 8F 4D B5 91 23 6C  ....v......M..#l
0040: 8B 8A EB EA 7C EF 14 94   C4 C6 F0 1F 4A 2D 32 71  ............J-2q
0050: 63 2B 63 91 26 02 09 B6   80 1D ED E2 CC B8 7F DB  c+c.&...........
0060: 87 63 C8 E1 D0 6C 26 B1   35 1D 40 66 10 1B CD 95  .c...l&.5.@f....
0070: 54 18 33 61 EC 13 4F DA   13 F7 99 AF 3E D0 CF 8E  T.3a..O.....>...
0080: A6 72 A2 B3 C3 05 9A C9   27 7D 92 CC 7E 52 8D B3  .r......'....R..
0090: AB 70 6D 9E 89 9F 4D EB   1A 75 C2 98 AA D5 02 16  .pm...M..u......
00A0: D7 0C 8A BF 25 E4 EB 2D   BC 98 E9 58 38 19 7C B9  ....%..-...X8...
00B0: 37 FE DB E2 99 08 73 06   C7 97 83 6A 7D 10 01 2F  7.....s....j.../
00C0: 32 B9 17 05 4A 65 E6 2F   CE BE 5E 53 A6 82 E9 9A  2...Je./..^S....
00D0: 53 0A 84 74 2D 83 CA C8   94 16 76 5F 94 61 28 F0  S..t-.....v_.a(.
00E0: 85 A7 39 BB D7 8B D9 A8   B2 13 1D 54 09 34 24 7D  ..9........T.4$.
00F0: 20 81 7D 66 7E A2 90 74   5C 10 C6 BD EC AB 1B C2   ..f...t\.......

]]]

[2013-09-24T21:27:23.054+0200] [glassfish 4.0] [INFO] [] [org.glassfish.admingui] [tid: _ThreadID=35 _ThreadName=admin-listener(3)] [timeMillis: 1380050843054] [levelValue: 800] [[
  Redirecting to /]]

[2013-09-24T21:27:23.251+0200] [glassfish 4.0] [INFO] [] [org.glassfish.admingui] [tid: _ThreadID=36 _ThreadName=admin-listener(4)] [timeMillis: 1380050843251] [levelValue: 800] [[
  Admin Console: Initializing Session Attributes...]]

[2013-09-24T21:27:24.500+0200] [glassfish 4.0] [WARNING] [] [org.glassfish.admingui] [tid: _ThreadID=133 _ThreadName=Thread-29] [timeMillis: 1380050844500] [levelValue: 900] [[
  Cannot create update center Image for /home/andesil/Dropbox/Progsik/src; Update Center functionality will not be available in Admin Console]]

